<?xml version="1.0" encoding="UTF-8"?>
<testsuite xmlns:xsi="http://www.w3.org/2001/XMLSchema-instance" xsi:noNamespaceSchemaLocation="https://maven.apache.org/surefire/maven-surefire-plugin/xsd/surefire-test-report.xsd" name="br.pucrs.progdinam.EdtDistanceTest" time="0.029" tests="16" errors="0" skipped="0" failures="0">
  <properties>
    <property name="sun.desktop" value="windows"/>
    <property name="awt.toolkit" value="sun.awt.windows.WToolkit"/>
    <property name="java.specification.version" value="11"/>
    <property name="sun.cpu.isalist" value="amd64"/>
    <property name="sun.jnu.encoding" value="Cp1252"/>
    <property name="java.class.path" value="D:\Users\mcmor\Dropbox\M\WSGitLocalNew\ProgDinam\ProgDinam\target\test-classes;D:\Users\mcmor\Dropbox\M\WSGitLocalNew\ProgDinam\ProgDinam\target\classes;C:\Users\mcmor\.m2\repository\org\junit\jupiter\junit-jupiter\5.4.2\junit-jupiter-5.4.2.jar;C:\Users\mcmor\.m2\repository\org\junit\jupiter\junit-jupiter-api\5.4.2\junit-jupiter-api-5.4.2.jar;C:\Users\mcmor\.m2\repository\org\apiguardian\apiguardian-api\1.0.0\apiguardian-api-1.0.0.jar;C:\Users\mcmor\.m2\repository\org\opentest4j\opentest4j\1.1.1\opentest4j-1.1.1.jar;C:\Users\mcmor\.m2\repository\org\junit\platform\junit-platform-commons\1.4.2\junit-platform-commons-1.4.2.jar;C:\Users\mcmor\.m2\repository\org\junit\jupiter\junit-jupiter-params\5.4.2\junit-jupiter-params-5.4.2.jar;C:\Users\mcmor\.m2\repository\org\junit\jupiter\junit-jupiter-engine\5.4.2\junit-jupiter-engine-5.4.2.jar;C:\Users\mcmor\.m2\repository\org\junit\platform\junit-platform-engine\1.4.2\junit-platform-engine-1.4.2.jar;"/>
    <property name="java.vm.vendor" value="Oracle Corporation"/>
    <property name="sun.arch.data.model" value="64"/>
    <property name="user.variant" value=""/>
    <property name="java.vendor.url" value="http://java.oracle.com/"/>
    <property name="user.timezone" value="America/Sao_Paulo"/>
    <property name="java.vm.specification.version" value="11"/>
    <property name="os.name" value="Windows 10"/>
    <property name="sun.java.launcher" value="SUN_STANDARD"/>
    <property name="user.country" value="US"/>
    <property name="sun.boot.library.path" value="C:\Program Files\Java\jdk-11.0.1\bin"/>
    <property name="sun.java.command" value="C:\Users\mcmor\AppData\Local\Temp\surefire17712942227033145673\surefirebooter18370224282226428697.jar C:\Users\mcmor\AppData\Local\Temp\surefire17712942227033145673 2019-06-17T17-25-04_688-jvmRun1 surefire15142016438438682926tmp surefire_016491716629647216192tmp"/>
    <property name="jdk.debug" value="release"/>
    <property name="surefire.test.class.path" value="D:\Users\mcmor\Dropbox\M\WSGitLocalNew\ProgDinam\ProgDinam\target\test-classes;D:\Users\mcmor\Dropbox\M\WSGitLocalNew\ProgDinam\ProgDinam\target\classes;C:\Users\mcmor\.m2\repository\org\junit\jupiter\junit-jupiter\5.4.2\junit-jupiter-5.4.2.jar;C:\Users\mcmor\.m2\repository\org\junit\jupiter\junit-jupiter-api\5.4.2\junit-jupiter-api-5.4.2.jar;C:\Users\mcmor\.m2\repository\org\apiguardian\apiguardian-api\1.0.0\apiguardian-api-1.0.0.jar;C:\Users\mcmor\.m2\repository\org\opentest4j\opentest4j\1.1.1\opentest4j-1.1.1.jar;C:\Users\mcmor\.m2\repository\org\junit\platform\junit-platform-commons\1.4.2\junit-platform-commons-1.4.2.jar;C:\Users\mcmor\.m2\repository\org\junit\jupiter\junit-jupiter-params\5.4.2\junit-jupiter-params-5.4.2.jar;C:\Users\mcmor\.m2\repository\org\junit\jupiter\junit-jupiter-engine\5.4.2\junit-jupiter-engine-5.4.2.jar;C:\Users\mcmor\.m2\repository\org\junit\platform\junit-platform-engine\1.4.2\junit-platform-engine-1.4.2.jar;"/>
    <property name="sun.cpu.endian" value="little"/>
    <property name="user.home" value="C:\Users\mcmor"/>
    <property name="user.language" value="en"/>
    <property name="java.specification.vendor" value="Oracle Corporation"/>
    <property name="java.version.date" value="2018-10-16"/>
    <property name="java.home" value="C:\Program Files\Java\jdk-11.0.1"/>
    <property name="file.separator" value="\"/>
    <property name="basedir" value="D:\Users\mcmor\Dropbox\M\WSGitLocalNew\ProgDinam\ProgDinam"/>
    <property name="java.vm.compressedOopsMode" value="Zero based"/>
    <property name="line.separator" value="&#10;"/>
    <property name="java.specification.name" value="Java Platform API Specification"/>
    <property name="java.vm.specification.vendor" value="Oracle Corporation"/>
    <property name="java.awt.graphicsenv" value="sun.awt.Win32GraphicsEnvironment"/>
    <property name="surefire.real.class.path" value="C:\Users\mcmor\AppData\Local\Temp\surefire17712942227033145673\surefirebooter18370224282226428697.jar"/>
    <property name="user.script" value=""/>
    <property name="sun.management.compiler" value="HotSpot 64-Bit Tiered Compilers"/>
    <property name="java.runtime.version" value="11.0.1+13-LTS"/>
    <property name="user.name" value="mcmor"/>
    <property name="path.separator" value=";"/>
    <property name="os.version" value="10.0"/>
    <property name="java.runtime.name" value="Java(TM) SE Runtime Environment"/>
    <property name="file.encoding" value="Cp1252"/>
    <property name="java.vm.name" value="Java HotSpot(TM) 64-Bit Server VM"/>
    <property name="java.vendor.version" value="18.9"/>
    <property name="localRepository" value="C:\Users\mcmor\.m2\repository"/>
    <property name="java.vendor.url.bug" value="http://bugreport.java.com/bugreport/"/>
    <property name="java.io.tmpdir" value="C:\Users\mcmor\AppData\Local\Temp\"/>
    <property name="java.version" value="11.0.1"/>
    <property name="user.dir" value="D:\Users\mcmor\Dropbox\M\WSGitLocalNew\ProgDinam\ProgDinam"/>
    <property name="os.arch" value="amd64"/>
    <property name="java.vm.specification.name" value="Java Virtual Machine Specification"/>
    <property name="java.awt.printerjob" value="sun.awt.windows.WPrinterJob"/>
    <property name="sun.os.patch.level" value=""/>
    <property name="java.library.path" value="C:\Program Files\Java\jdk-11.0.1\bin;C:\Windows\Sun\Java\bin;C:\Windows\system32;C:\Windows;C:/Program Files/Java/jdk-11.0.1/bin/server;C:/Program Files/Java/jdk-11.0.1/bin;C:\ProgramData\DockerDesktop\version-bin;C:\Program Files\Docker\Docker\Resources\bin;C:\Program Files\Java\jdk-11.0.1\bin;C:\Program Files\Java\jdk1.8.0_191\bin;C:\Program Files\NVIDIA cuDNN\bin;D:\Program Files\ImageMagick-7.0.8-Q16;C:\Program Files (x86)\Common Files\Oracle\Java\javapath;C:\Windows\system32;C:\Windows;C:\Windows\System32\Wbem;C:\Windows\System32\WindowsPowerShell\v1.0\;C:\Windows\System32\OpenSSH\;C:\Program Files (x86)\NVIDIA Corporation\PhysX\Common;D:\Program Files\MiKTeX 2.9\miktex\bin\x64\;C:\Program Files\SumatraPDF;D:\Program Files\ImageMagick-7.0.8-Q16;D:\Program Files\Git\cmd;D:\Program Files\maven\apache-maven-3.5.4-bin\apache-maven-3.5.4\bin;C:\Program Files\dotnet\;D:\Program Files\nodejs\;C:\Program Files\NVIDIA Corporation\NVIDIA NvDLISR;D:\ProgramData\Anaconda3;D:\ProgramData\Anaconda3\Library\mingw-w64\bin;D:\ProgramData\Anaconda3\Library\usr\bin;D:\ProgramData\Anaconda3\Library\bin;D:\ProgramData\Anaconda3\Scripts;D:\ProgramData\Anaconda3\bin;D:\ProgramData\Anaconda3\condabin;C:\ProgramData\chocolatey\bin;C:\Program Files\Microsoft SQL Server\130\Tools\Binn\;C:\Program Files (x86)\Intel\Intel(R) Management Engine Components\DAL;C:\Program Files\Intel\Intel(R) Management Engine Components\DAL;C:\Users\mcmor\.windows-build-tools\python27\;D:\Program Files\nodejs\node_modules\npm\node_modules\npm-lifecycle\node-gyp-bin;C:\Users\mcmor\AppData\Roaming\npm\node_modules\windows-build-tools\node_modules\.bin;C:\Users\mcmor\AppData\Roaming\npm\node_modules\.bin;C:\ProgramData\DockerDesktop\version-bin;C:\Program Files\Docker\Docker\Resources\bin;C:\Program Files\Java\jdk-11.0.1\bin;C:\Program Files\Java\jdk1.8.0_191\bin;C:\Program Files\NVIDIA cuDNN\bin;D:\Program Files\ImageMagick-7.0.8-Q16;C:\Program Files (x86)\Intel\iCLS Client\;C:\Program Files (x86)\Common Files\Oracle\Java\javapath;C:\Program Files\Intel\iCLS Client\;C:\Windows\system32;C:\Windows;C:\Windows\System32\Wbem;C:\Windows\System32\WindowsPowerShell\v1.0\;C:\Windows\System32\OpenSSH\;C:\Program Files (x86)\NVIDIA Corporation\PhysX\Common;C:\Program Files\Microsoft VS Code\bin;D:\Program Files\MiKTeX 2.9\miktex\bin\x64\;C:\Program Files (x86)\Intel\Intel(R) Management Engine Components\DAL;C:\Program Files\Intel\Intel(R) Management Engine Components\DAL;C:\Program Files (x86)\Intel\Intel(R) Management Engine Components\IPT;C:\Program Files\Intel\Intel(R) Management Engine Components\IPT;C:\Program Files\SumatraPDF;D:\Program Files\ImageMagick-7.0.8-Q16;D:\Program Files\Git\cmd;D:\Program Files\maven\apache-maven-3.5.4-bin\apache-maven-3.5.4\bin;C:\Program Files\dotnet\;D:\Program Files\nodejs\;C:\Program Files\NVIDIA Corporation\NVIDIA NvDLISR;D:\ProgramData\Anaconda3;D:\ProgramData\Anaconda3\Library\mingw-w64\bin;D:\ProgramData\Anaconda3\Library\usr\bin;D:\ProgramData\Anaconda3\Library\bin;D:\ProgramData\Anaconda3\Scripts;D:\ProgramData\Anaconda3\bin;D:\ProgramData\Anaconda3\condabin;C:\ProgramData\chocolatey\bin;C:\Users\mcmor\AppData\Local\Microsoft\WindowsApps;C:\Users\mcmor\.dotnet\tools;C:\Users\mcmor\AppData\Roaming\npm;C:\Users\mcmor\Desktop;;."/>
    <property name="java.vendor" value="Oracle Corporation"/>
    <property name="java.vm.info" value="mixed mode"/>
    <property name="java.vm.version" value="11.0.1+13-LTS"/>
    <property name="sun.io.unicode.encoding" value="UnicodeLittle"/>
    <property name="java.class.version" value="55.0"/>
  </properties>
  <testcase name="EdProgDinamTest1" classname="br.pucrs.progdinam.EdtDistanceTest" time="0.008"/>
  <testcase name="EdProgDinamTest2" classname="br.pucrs.progdinam.EdtDistanceTest" time="0"/>
  <testcase name="EdProgDinamTest3" classname="br.pucrs.progdinam.EdtDistanceTest" time="0"/>
  <testcase name="EdProgDinamTest4" classname="br.pucrs.progdinam.EdtDistanceTest" time="0.001"/>
  <testcase name="EdProgDinamTest5" classname="br.pucrs.progdinam.EdtDistanceTest" time="0"/>
  <testcase name="EdRecursiveTest1" classname="br.pucrs.progdinam.EdtDistanceTest" time="0"/>
  <testcase name="EdRecursiveTest2" classname="br.pucrs.progdinam.EdtDistanceTest" time="0.001"/>
  <testcase name="EdRecursiveTest3" classname="br.pucrs.progdinam.EdtDistanceTest" time="0.001"/>
  <testcase name="EdRecursiveTest4" classname="br.pucrs.progdinam.EdtDistanceTest" time="0"/>
  <testcase name="EdRecursiveTest5" classname="br.pucrs.progdinam.EdtDistanceTest" time="0"/>
  <testcase name="minTestComb1" classname="br.pucrs.progdinam.EdtDistanceTest" time="0"/>
  <testcase name="minTestComb2" classname="br.pucrs.progdinam.EdtDistanceTest" time="0"/>
  <testcase name="minTestComb3" classname="br.pucrs.progdinam.EdtDistanceTest" time="0.002"/>
  <testcase name="minTestComb4" classname="br.pucrs.progdinam.EdtDistanceTest" time="0"/>
  <testcase name="minTestComb5" classname="br.pucrs.progdinam.EdtDistanceTest" time="0"/>
  <testcase name="minTestComb6" classname="br.pucrs.progdinam.EdtDistanceTest" time="0.001"/>
</testsuite>