<?xml version="1.0" encoding="UTF-8"?>
<testsuite xmlns:xsi="http://www.w3.org/2001/XMLSchema-instance" xsi:noNamespaceSchemaLocation="https://maven.apache.org/surefire/maven-surefire-plugin/xsd/surefire-test-report.xsd" name="br.pucrs.progdinam.EdtDistanceTest" time="0.095" tests="17" errors="0" skipped="0" failures="0">
  <properties>
    <property name="java.specification.version" value="17"/>
    <property name="sun.jnu.encoding" value="UTF-8"/>
    <property name="java.class.path" value="/mnt/c/Users/mcmor/Dropbox/M/WSGitLocalNew/#AlgosDemosApps/DynamicProg/target/test-classes:/mnt/c/Users/mcmor/Dropbox/M/WSGitLocalNew/#AlgosDemosApps/DynamicProg/target/classes:/root/.m2/repository/org/junit/jupiter/junit-jupiter/5.4.2/junit-jupiter-5.4.2.jar:/root/.m2/repository/org/junit/jupiter/junit-jupiter-api/5.4.2/junit-jupiter-api-5.4.2.jar:/root/.m2/repository/org/apiguardian/apiguardian-api/1.0.0/apiguardian-api-1.0.0.jar:/root/.m2/repository/org/opentest4j/opentest4j/1.1.1/opentest4j-1.1.1.jar:/root/.m2/repository/org/junit/platform/junit-platform-commons/1.4.2/junit-platform-commons-1.4.2.jar:/root/.m2/repository/org/junit/jupiter/junit-jupiter-params/5.4.2/junit-jupiter-params-5.4.2.jar:/root/.m2/repository/org/junit/jupiter/junit-jupiter-engine/5.4.2/junit-jupiter-engine-5.4.2.jar:/root/.m2/repository/org/junit/platform/junit-platform-engine/1.4.2/junit-platform-engine-1.4.2.jar:/mnt/c/Users/mcmor/Dropbox/M/WSGitLocalNew/MavenRep/utiltimecounter.jar:/mnt/c/Users/mcmor/Dropbox/M/WSGitLocalNew/MavenRep/Algorithms_Sort.jar:"/>
    <property name="java.vm.vendor" value="Eclipse Adoptium"/>
    <property name="sun.arch.data.model" value="64"/>
    <property name="java.vendor.url" value="https://adoptium.net/"/>
    <property name="os.name" value="Linux"/>
    <property name="java.vm.specification.version" value="17"/>
    <property name="sun.java.launcher" value="SUN_STANDARD"/>
    <property name="sun.boot.library.path" value="/root/.sdkman/candidates/java/17.0.6-tem/lib"/>
    <property name="sun.java.command" value="/mnt/c/Users/mcmor/Dropbox/M/WSGitLocalNew/#AlgosDemosApps/DynamicProg/target/surefire/surefirebooter15284910935160183112.jar /mnt/c/Users/mcmor/Dropbox/M/WSGitLocalNew/#AlgosDemosApps/DynamicProg/target/surefire 2023-03-30T18-20-01_120-jvmRun1 surefire7288452412570996210tmp surefire_010152129131982676590tmp"/>
    <property name="jdk.debug" value="release"/>
    <property name="surefire.test.class.path" value="/mnt/c/Users/mcmor/Dropbox/M/WSGitLocalNew/#AlgosDemosApps/DynamicProg/target/test-classes:/mnt/c/Users/mcmor/Dropbox/M/WSGitLocalNew/#AlgosDemosApps/DynamicProg/target/classes:/root/.m2/repository/org/junit/jupiter/junit-jupiter/5.4.2/junit-jupiter-5.4.2.jar:/root/.m2/repository/org/junit/jupiter/junit-jupiter-api/5.4.2/junit-jupiter-api-5.4.2.jar:/root/.m2/repository/org/apiguardian/apiguardian-api/1.0.0/apiguardian-api-1.0.0.jar:/root/.m2/repository/org/opentest4j/opentest4j/1.1.1/opentest4j-1.1.1.jar:/root/.m2/repository/org/junit/platform/junit-platform-commons/1.4.2/junit-platform-commons-1.4.2.jar:/root/.m2/repository/org/junit/jupiter/junit-jupiter-params/5.4.2/junit-jupiter-params-5.4.2.jar:/root/.m2/repository/org/junit/jupiter/junit-jupiter-engine/5.4.2/junit-jupiter-engine-5.4.2.jar:/root/.m2/repository/org/junit/platform/junit-platform-engine/1.4.2/junit-platform-engine-1.4.2.jar:/mnt/c/Users/mcmor/Dropbox/M/WSGitLocalNew/MavenRep/utiltimecounter.jar:/mnt/c/Users/mcmor/Dropbox/M/WSGitLocalNew/MavenRep/Algorithms_Sort.jar:"/>
    <property name="sun.cpu.endian" value="little"/>
    <property name="user.home" value="/root"/>
    <property name="user.language" value="en"/>
    <property name="java.specification.vendor" value="Oracle Corporation"/>
    <property name="java.version.date" value="2023-01-17"/>
    <property name="java.home" value="/root/.sdkman/candidates/java/17.0.6-tem"/>
    <property name="file.separator" value="/"/>
    <property name="basedir" value="/mnt/c/Users/mcmor/Dropbox/M/WSGitLocalNew/#AlgosDemosApps/DynamicProg"/>
    <property name="java.vm.compressedOopsMode" value="Zero based"/>
    <property name="line.separator" value="&#10;"/>
    <property name="java.vm.specification.vendor" value="Oracle Corporation"/>
    <property name="java.specification.name" value="Java Platform API Specification"/>
    <property name="surefire.real.class.path" value="/mnt/c/Users/mcmor/Dropbox/M/WSGitLocalNew/#AlgosDemosApps/DynamicProg/target/surefire/surefirebooter15284910935160183112.jar"/>
    <property name="sun.management.compiler" value="HotSpot 64-Bit Tiered Compilers"/>
    <property name="java.runtime.version" value="17.0.6+10"/>
    <property name="user.name" value="root"/>
    <property name="path.separator" value=":"/>
    <property name="os.version" value="5.10.102.1-microsoft-standard-WSL2"/>
    <property name="java.runtime.name" value="OpenJDK Runtime Environment"/>
    <property name="file.encoding" value="UTF-8"/>
    <property name="java.vm.name" value="OpenJDK 64-Bit Server VM"/>
    <property name="java.vendor.version" value="Temurin-17.0.6+10"/>
    <property name="localRepository" value="/root/.m2/repository"/>
    <property name="java.vendor.url.bug" value="https://github.com/adoptium/adoptium-support/issues"/>
    <property name="java.io.tmpdir" value="/tmp"/>
    <property name="java.version" value="17.0.6"/>
    <property name="user.dir" value="/mnt/c/Users/mcmor/Dropbox/M/WSGitLocalNew/#AlgosDemosApps/DynamicProg"/>
    <property name="os.arch" value="amd64"/>
    <property name="java.vm.specification.name" value="Java Virtual Machine Specification"/>
    <property name="native.encoding" value="UTF-8"/>
    <property name="java.library.path" value="/usr/java/packages/lib:/usr/lib64:/lib64:/lib:/usr/lib"/>
    <property name="java.vm.info" value="mixed mode, sharing"/>
    <property name="java.vendor" value="Eclipse Adoptium"/>
    <property name="java.vm.version" value="17.0.6+10"/>
    <property name="sun.io.unicode.encoding" value="UnicodeLittle"/>
    <property name="java.class.version" value="61.0"/>
  </properties>
  <testcase name="EdProgDinamTest1" classname="br.pucrs.progdinam.EdtDistanceTest" time="0.053"/>
  <testcase name="EdProgDinamTest2" classname="br.pucrs.progdinam.EdtDistanceTest" time="0"/>
  <testcase name="EdProgDinamTest3" classname="br.pucrs.progdinam.EdtDistanceTest" time="0"/>
  <testcase name="EdProgDinamTest4" classname="br.pucrs.progdinam.EdtDistanceTest" time="0"/>
  <testcase name="EdProgDinamTest5" classname="br.pucrs.progdinam.EdtDistanceTest" time="0.001"/>
  <testcase name="EdProgDinamTest6" classname="br.pucrs.progdinam.EdtDistanceTest" time="0.001"/>
  <testcase name="EdRecursiveTest1" classname="br.pucrs.progdinam.EdtDistanceTest" time="0.001"/>
  <testcase name="EdRecursiveTest2" classname="br.pucrs.progdinam.EdtDistanceTest" time="0"/>
  <testcase name="EdRecursiveTest3" classname="br.pucrs.progdinam.EdtDistanceTest" time="0.001"/>
  <testcase name="EdRecursiveTest4" classname="br.pucrs.progdinam.EdtDistanceTest" time="0"/>
  <testcase name="EdRecursiveTest5" classname="br.pucrs.progdinam.EdtDistanceTest" time="0"/>
  <testcase name="minTestComb1" classname="br.pucrs.progdinam.EdtDistanceTest" time="0"/>
  <testcase name="minTestComb2" classname="br.pucrs.progdinam.EdtDistanceTest" time="0"/>
  <testcase name="minTestComb3" classname="br.pucrs.progdinam.EdtDistanceTest" time="0"/>
  <testcase name="minTestComb4" classname="br.pucrs.progdinam.EdtDistanceTest" time="0.001"/>
  <testcase name="minTestComb5" classname="br.pucrs.progdinam.EdtDistanceTest" time="0"/>
  <testcase name="minTestComb6" classname="br.pucrs.progdinam.EdtDistanceTest" time="0"/>
</testsuite>